#
# There is insufficient memory for the Java Runtime Environment to continue.
# Native memory allocation (mmap) failed to map 132120576 bytes for Failed to commit area from 0x0000000083200000 to 0x000000008b000000 of length 132120576.
# Possible reasons:
#   The system is out of physical RAM or swap space
#   The process is running with CompressedOops enabled, and the Java Heap may be blocking the growth of the native heap
# Possible solutions:
#   Reduce memory load on the system
#   Increase physical memory or swap space
#   Check if swap backing store is full
#   Decrease Java heap size (-Xmx/-Xms)
#   Decrease number of Java threads
#   Decrease Java thread stack sizes (-Xss)
#   Set larger code cache with -XX:ReservedCodeCacheSize=
# This output file may be truncated or incomplete.
#
#  Out of Memory Error (t:/workspace/open/src/hotspot/os/windows/os_windows.cpp:3301), pid=32984, tid=41696
#
# JRE version:  (13.0.2+8) (build )
# Java VM: Java HotSpot(TM) 64-Bit Server VM (13.0.2+8, mixed mode, aot, sharing, tiered, compressed oops, g1 gc, windows-amd64)
# No core dump will be written. Minidumps are not enabled by default on client versions of Windows
#

---------------  S U M M A R Y ------------

Command Line: -Dfile.encoding=MS949 lab09.Calculator

Host: Intel(R) Core(TM) i5-8265U CPU @ 1.60GHz, 8 cores, 7G,  Windows 10 , 64 bit Build 18362 (10.0.18362.778)
Time: Fri May 15 15:50:24 2020 ¢¥eCN©öI¡¾©ö C¡ÍA¨ª¨öA elapsed time: 0 seconds (0d 0h 0m 0s)

---------------  T H R E A D  ---------------

Current thread (0x0000024b9ab5a800):  JavaThread "Unknown thread" [_thread_in_vm, id=41696, stack(0x000000e09fa00000,0x000000e09fb00000)]

Stack: [0x000000e09fa00000,0x000000e09fb00000]
Native frames: (J=compiled Java code, j=interpreted, Vv=VM code, C=native code)
V  [jvm.dll+0x624f9a]
V  [jvm.dll+0x770cfa]
V  [jvm.dll+0x7724af]
V  [jvm.dll+0x772ab3]
V  [jvm.dll+0x24bf08]
V  [jvm.dll+0x6222aa]
V  [jvm.dll+0x6170b5]
V  [jvm.dll+0x30a88c]
V  [jvm.dll+0x30a6c2]
V  [jvm.dll+0x30fe36]
V  [jvm.dll+0x353f46]
V  [jvm.dll+0x353720]
V  [jvm.dll+0x2e550a]
V  [jvm.dll+0x2e67a2]
V  [jvm.dll+0x74dd78]
V  [jvm.dll+0x361989]
V  [jvm.dll+0x730e65]
V  [jvm.dll+0x3cc53f]
V  [jvm.dll+0x3ce861]
C  [jli.dll+0x51ff]
C  [ucrtbase.dll+0x20e72]
C  [KERNEL32.DLL+0x17bd4]
C  [ntdll.dll+0x6ce51]


---------------  P R O C E S S  ---------------

Threads class SMR info:
_java_thread_list=0x00007ff93f6bccb8, length=0, elements={
}

Java Threads: ( => current thread )

Other Threads:
  0x0000024b9ab9d800 GCTaskThread "GC Thread#0" [stack: 0x000000e09fb00000,0x000000e09fc00000] [id=44460]
  0x0000024b9abaf000 ConcurrentGCThread "G1 Main Marker" [stack: 0x000000e09fc00000,0x000000e09fd00000] [id=6808]
  0x0000024b9abb1000 ConcurrentGCThread "G1 Conc#0" [stack: 0x000000e09fd00000,0x000000e09fe00000] [id=32456]

[error occurred during error reporting (printing all threads), id 0xc0000005, EXCEPTION_ACCESS_VIOLATION (0xc0000005) at pc=0x00007ff93eef51d7]

VM state:not at safepoint (not fully initialized)

VM Mutex/Monitor currently owned by a thread:  ([mutex/lock_event])
[0x0000024b9ab56330] Heap_lock - owner thread: 0x0000024b9ab5a800

Heap address: 0x0000000083200000, size: 1998 MB, Compressed Oops mode: Non-zero based: 0x0000000083200000
Narrow klass base: 0x0000000000000000, Narrow klass shift: 0

GC Heap History (0 events):
No events

Deoptimization events (0 events):
No events

Classes unloaded (0 events):
No events

Classes redefined (0 events):
No events

Internal exceptions (0 events):
No events

Events (8 events):
Event: 0.018 Loaded shared library C:\Program Files\Java\jdk-13.0.2\bin\zip.dll
Event: 0.019 Loaded shared library C:\Program Files\Java\jdk-13.0.2\bin\jimage.dll
Event: 0.022 Loading shared library C:\Program Files\Java\jdk-13.0.2\lib\libjava.base-coop.dll failed, error code 126
Event: 0.022 Loading shared library C:\Program Files\Java\jdk-13.0.2\lib\libjava.logging-coop.dll failed, error code 126
Event: 0.022 Loading shared library C:\Program Files\Java\jdk-13.0.2\lib\libjdk.compiler-coop.dll failed, error code 126
Event: 0.022 Loading shared library C:\Program Files\Java\jdk-13.0.2\lib\libjdk.scripting.nashorn-coop.dll failed, error code 126
Event: 0.022 Loading shared library C:\Program Files\Java\jdk-13.0.2\lib\libjdk.internal.vm.ci-coop.dll failed, error code 126
Event: 0.022 Loading shared library C:\Program Files\Java\jdk-13.0.2\lib\libjdk.internal.vm.compiler-coop.dll failed, error code 126


Dynamic libraries:
0x00007ff75a940000 - 0x00007ff75a94f000 	C:\Program Files\Java\jdk-13.0.2\bin\javaw.exe
0x00007ff97e120000 - 0x00007ff97e310000 	C:\WINDOWS\SYSTEM32\ntdll.dll
0x00007ff97d130000 - 0x00007ff97d1e2000 	C:\WINDOWS\System32\KERNEL32.DLL
0x00007ff97bd80000 - 0x00007ff97c023000 	C:\WINDOWS\System32\KERNELBASE.dll
0x00007ff97b310000 - 0x00007ff97b40a000 	C:\WINDOWS\System32\ucrtbase.dll
0x00007ff9690c0000 - 0x00007ff9690d5000 	C:\Program Files\Java\jdk-13.0.2\bin\VCRUNTIME140.dll
0x00007ff975610000 - 0x00007ff975628000 	C:\Program Files\Java\jdk-13.0.2\bin\jli.dll
0x00007ff97cfc0000 - 0x00007ff97d063000 	C:\WINDOWS\System32\ADVAPI32.dll
0x00007ff97c610000 - 0x00007ff97c6ae000 	C:\WINDOWS\System32\msvcrt.dll
0x00007ff97dcd0000 - 0x00007ff97dd67000 	C:\WINDOWS\System32\sechost.dll
0x00007ff97cdb0000 - 0x00007ff97ced0000 	C:\WINDOWS\System32\RPCRT4.dll
0x00007ff97d2e0000 - 0x00007ff97d474000 	C:\WINDOWS\System32\USER32.dll
0x00007ff964c40000 - 0x00007ff964ec5000 	C:\WINDOWS\WinSxS\amd64_microsoft.windows.common-controls_6595b64144ccf1df_6.0.18362.778_none_e6c6b761130d4fb8\COMCTL32.dll
0x00007ff97b430000 - 0x00007ff97b451000 	C:\WINDOWS\System32\win32u.dll
0x00007ff97dd70000 - 0x00007ff97e0a6000 	C:\WINDOWS\System32\combase.dll
0x00007ff97e0b0000 - 0x00007ff97e0d6000 	C:\WINDOWS\System32\GDI32.dll
0x00007ff97c150000 - 0x00007ff97c1d0000 	C:\WINDOWS\System32\bcryptPrimitives.dll
0x00007ff97bbe0000 - 0x00007ff97bd74000 	C:\WINDOWS\System32\gdi32full.dll
0x00007ff97c0b0000 - 0x00007ff97c14e000 	C:\WINDOWS\System32\msvcp_win.dll
0x00007ff9721e0000 - 0x00007ff9721ea000 	C:\WINDOWS\SYSTEM32\VERSION.dll
0x00007ff97d0f0000 - 0x00007ff97d11e000 	C:\WINDOWS\System32\IMM32.DLL
0x00007ff946290000 - 0x00007ff94632b000 	C:\Program Files\Java\jdk-13.0.2\bin\msvcp140.dll
0x00007ff93ec00000 - 0x00007ff93f75d000 	C:\Program Files\Java\jdk-13.0.2\bin\server\jvm.dll
0x00007ff97d070000 - 0x00007ff97d078000 	C:\WINDOWS\System32\PSAPI.DLL
0x00007ff965850000 - 0x00007ff965859000 	C:\WINDOWS\SYSTEM32\WSOCK32.dll
0x00007ff976630000 - 0x00007ff976654000 	C:\WINDOWS\SYSTEM32\WINMM.dll
0x00007ff97d080000 - 0x00007ff97d0ef000 	C:\WINDOWS\System32\WS2_32.dll
0x00007ff976600000 - 0x00007ff97662d000 	C:\WINDOWS\SYSTEM32\WINMMBASE.dll
0x00007ff97c030000 - 0x00007ff97c07a000 	C:\WINDOWS\System32\cfgmgr32.dll
0x00007ff97b090000 - 0x00007ff97b0a1000 	C:\WINDOWS\System32\kernel.appcore.dll
0x00007ff977550000 - 0x00007ff977560000 	C:\Program Files\Java\jdk-13.0.2\bin\verify.dll
0x00007ff979910000 - 0x00007ff979b04000 	C:\WINDOWS\SYSTEM32\DBGHELP.DLL
0x00007ff971440000 - 0x00007ff97146a000 	C:\WINDOWS\SYSTEM32\dbgcore.DLL
0x00007ff954460000 - 0x00007ff954486000 	C:\Program Files\Java\jdk-13.0.2\bin\java.dll
0x00007ff975580000 - 0x00007ff975597000 	C:\Program Files\Java\jdk-13.0.2\bin\zip.dll
0x00007ff973f60000 - 0x00007ff973f6a000 	C:\Program Files\Java\jdk-13.0.2\bin\jimage.dll

dbghelp: loaded successfully - version: 4.0.5 - missing functions: none
symbol engine: initialized successfully - sym options: 0x614 - pdb path: .;C:\Program Files\Java\jdk-13.0.2\bin;C:\WINDOWS\SYSTEM32;C:\WINDOWS\WinSxS\amd64_microsoft.windows.common-controls_6595b64144ccf1df_6.0.18362.778_none_e6c6b761130d4fb8;C:\Program Files\Java\jdk-13.0.2\bin\server

VM Arguments:
jvm_args: -Dfile.encoding=MS949 
java_command: lab09.Calculator
java_class_path (initial): C:\Users\rkdms\eclipse-workspace\lab 09\bin
Launcher Type: SUN_STANDARD

[Global flags]
     intx CICompilerCount                          = 4                                         {product} {ergonomic}
     uint ConcGCThreads                            = 2                                         {product} {ergonomic}
     uint G1ConcRefinementThreads                  = 8                                         {product} {ergonomic}
   size_t G1HeapRegionSize                         = 1048576                                   {product} {ergonomic}
    uintx GCDrainStackTargetSize                   = 64                                        {product} {ergonomic}
   size_t InitialHeapSize                          = 132120576                                 {product} {ergonomic}
   size_t MarkStackSize                            = 4194304                                   {product} {ergonomic}
   size_t MaxHeapSize                              = 2095054848                                {product} {ergonomic}
   size_t MinHeapDeltaBytes                        = 1048576                                   {product} {ergonomic}
   size_t MinHeapSize                              = 8388608                                   {product} {ergonomic}
    uintx NonNMethodCodeHeapSize                   = 5839372                                {pd product} {ergonomic}
    uintx NonProfiledCodeHeapSize                  = 122909434                              {pd product} {ergonomic}
    uintx ProfiledCodeHeapSize                     = 122909434                              {pd product} {ergonomic}
    uintx ReservedCodeCacheSize                    = 251658240                              {pd product} {ergonomic}
     bool SegmentedCodeCache                       = true                                      {product} {ergonomic}
   size_t SoftMaxHeapSize                          = 2095054848                             {manageable} {ergonomic}
     bool UseCompressedClassPointers               = true                                 {lp64_product} {ergonomic}
     bool UseCompressedOops                        = true                                 {lp64_product} {ergonomic}
     bool UseG1GC                                  = true                                      {product} {ergonomic}
     bool UseLargePagesIndividualAllocation        = false                                  {pd product} {ergonomic}

Logging:
Log output configuration:
 #0: stdout all=warning uptime,level,tags
 #1: stderr all=off uptime,level,tags

Environment Variables:
PATH=C:/Program Files/Java/jdk-13.0.2/bin/server;C:/Program Files/Java/jdk-13.0.2/bin;C:\Program Files (x86)\Common Files\Intel\Shared Libraries\redist\intel64\compiler;C:\Program Files\Microsoft MPI\Bin\;C:\Program Files (x86)\Intel\Intel(R) Management Engine Components\iCLS\;C:\Program Files\Intel\Intel(R) Management Engine Components\iCLS\;C:\WINDOWS\system32;C:\WINDOWS;C:\WINDOWS\System32\Wbem;C:\WINDOWS\System32\WindowsPowerShell\v1.0\;C:\WINDOWS\System32\OpenSSH\;C:\Program Files (x86)\Intel\Intel(R) Management Engine Components\DAL;C:\Program Files\Intel\Intel(R) Management Engine Components\DAL;C:\Program Files\dotnet\;C:\Program Files\Microsoft SQL Server\130\Tools\Binn\;C:\Users\rkdms\AppData\Local\Programs\Python\Python37\Scripts\;C:\Users\rkdms\AppData\Local\Programs\Python\Python37\;C:\Users\rkdms\AppData\Local\Microsoft\WindowsApps;;C:\Users\rkdms\Desktop\Microsoft VS Code\bin;C:\WINDOWS\System32;
USERNAME=rkdms
OS=Windows_NT
PROCESSOR_IDENTIFIER=Intel64 Family 6 Model 142 Stepping 11, GenuineIntel



---------------  S Y S T E M  ---------------

OS: Windows 10 , 64 bit Build 18362 (10.0.18362.778)

CPU:total 8 (initial active 8) (4 cores per cpu, 2 threads per core) family 6 model 142 stepping 11, cmov, cx8, fxsr, mmx, sse, sse2, sse3, ssse3, sse4.1, sse4.2, popcnt, avx, avx2, aes, clmul, erms, 3dnowpref, lzcnt, ht, tsc, tscinvbit, bmi1, bmi2, adx, fma

Memory: 4k page, system-wide physical 7986M (1098M free)
TotalPageFile size 32517M (AvailPageFile size 63M)
current process WorkingSet (physical memory assigned to process): 10M, peak: 10M
current process commit charge ("private bytes"): 60M, peak: 186M

vm_info: Java HotSpot(TM) 64-Bit Server VM (13.0.2+8) for windows-amd64 JRE (13.0.2+8), built on Dec 11 2019 09:20:33 by "mach5one" with unknown MS VC++:1916

END.
